The server is running at http://localhost:8886
  <-- GET /admin
Rewriting GET /admin to /admin.html
  --> GET /admin 200 17ms 524b
  <-- GET /manifest.ac3e2d1eb98d0028af24.js
  <-- GET /admin.068704dc686fe17c12f4.js
  <-- GET /vendor_admin.c2d98e2da4ff9baf5277.js
  --> GET /manifest.ac3e2d1eb98d0028af24.js 200 4ms 782b
  --> GET /admin.068704dc686fe17c12f4.js 200 12ms 237.32kb
  --> GET /vendor_admin.c2d98e2da4ff9baf5277.js 200 35ms 1.3mb
  <-- GET /favicon.ico
  <-- GET /api/publishArticles?tags=&page=1&limit=3&searchTitle=
  --> GET /api/publishArticles?tags=&page=1&limit=3&searchTitle= 200 18ms 13.75kb
  --> GET /favicon.ico 200 190ms 32.14kb
  <-- POST /api/login
  --> POST /api/login 200 30ms 271b
  <-- GET /favicon.ico
  <-- GET /api/publishArticles?tags=&page=1&limit=3&searchTitle=
  --> GET /api/publishArticles?tags=&page=1&limit=3&searchTitle= 200 12ms 13.75kb
  --> GET /favicon.ico 200 28ms 32.14kb
  <-- GET /logo.png?82b9c7a5a3f405032b1db71a25f67021
  --> GET /logo.png?82b9c7a5a3f405032b1db71a25f67021 200 1ms 6.69kb
  <-- GET /
  <-- GET /api/publishArticles?tags=&page=1&limit=3&searchTitle=
  --> GET /api/publishArticles?tags=&page=1&limit=3&searchTitle= 200 6ms 13.75kb
  --> GET / 200 16ms 32.14kb
  <-- GET /logo.png?82b9c7a5a3f405032b1db71a25f67021
  --> GET /logo.png?82b9c7a5a3f405032b1db71a25f67021 200 2ms 6.69kb
  <-- GET /manifest.ac3e2d1eb98d0028af24.js
  <-- GET /vendor_front.cf02f9d9464bd5b78e10.js
  <-- GET /front.77896f4d04232fabfc98.js
  --> GET /manifest.ac3e2d1eb98d0028af24.js 200 2ms 782b
  --> GET /front.77896f4d04232fabfc98.js 200 2ms 31.14kb
  --> GET /vendor_front.cf02f9d9464bd5b78e10.js 200 57ms 723.17kb
  <-- GET /favicon.ico
  <-- GET /api/publishArticles?tags=&page=1&limit=3&searchTitle=
  --> GET /api/publishArticles?tags=&page=1&limit=3&searchTitle= 200 7ms 13.75kb
  --> GET /favicon.ico 200 15ms 32.14kb
  <-- GET /api/publishArticles?tags=&page=1&limit=0&searchTitle=
  <-- GET /api/tags
  --> GET /api/tags 200 5ms 771b
  <-- GET /favicon.ico
  --> GET /api/publishArticles?tags=&page=1&limit=0&searchTitle= 200 28ms 20.13kb
  <-- GET /api/publishArticles?tags=&page=1&limit=3&searchTitle=
  --> GET /api/publishArticles?tags=&page=1&limit=3&searchTitle= 200 5ms 13.75kb
  --> GET /favicon.ico 200 27ms 32.14kb
  <-- GET /favicon.ico
  <-- GET /api/publishArticles?tags=&page=1&limit=3&searchTitle=
  --> GET /api/publishArticles?tags=&page=1&limit=3&searchTitle= 200 10ms 13.75kb
  --> GET /favicon.ico 200 20ms 32.14kb
  <-- GET /api/articles?tags=&page=1&limit=5
鉴权成功
  --> GET /api/articles?tags=&page=1&limit=5 200 8ms 15.6kb
  <-- PATCH /api/publishArticles/5af2bfa03f5ef521345f8331
鉴权成功
  --> PATCH /api/publishArticles/5af2bfa03f5ef521345f8331 200 10ms 16b
  <-- GET /api/articles?tags=&page=1&limit=5
鉴权成功
  --> GET /api/articles?tags=&page=1&limit=5 200 10ms 15.6kb
  <-- GET /archives
  <-- GET /api/tags
  <-- GET /api/publishArticles?tags=&page=1&limit=0&searchTitle=
  --> GET /api/tags 200 3ms 771b
  --> GET /api/publishArticles?tags=&page=1&limit=0&searchTitle= 200 19ms 21.24kb
  --> GET /archives 200 32ms 41.3kb
  <-- GET /logo.png?82b9c7a5a3f405032b1db71a25f67021
  --> GET /logo.png?82b9c7a5a3f405032b1db71a25f67021 200 2ms 6.69kb
  <-- GET /manifest.ac3e2d1eb98d0028af24.js
  <-- GET /vendor_front.cf02f9d9464bd5b78e10.js
  <-- GET /front.77896f4d04232fabfc98.js
  --> GET /manifest.ac3e2d1eb98d0028af24.js 200 2ms 782b
  --> GET /front.77896f4d04232fabfc98.js 200 2ms 31.14kb
  --> GET /vendor_front.cf02f9d9464bd5b78e10.js 200 10ms 723.17kb
  <-- GET /favicon.ico
  <-- GET /api/publishArticles?tags=&page=1&limit=3&searchTitle=
  --> GET /api/publishArticles?tags=&page=1&limit=3&searchTitle= 200 5ms 4.9kb
  --> GET /favicon.ico 200 12ms 22.49kb
  <-- GET /api/publishArticles?tags=&page=1&limit=3&searchTitle=
  <-- GET /favicon.ico
  --> GET /api/publishArticles?tags=&page=1&limit=3&searchTitle= 200 12ms 4.9kb
  <-- GET /api/publishArticles?tags=&page=1&limit=3&searchTitle=
  --> GET /api/publishArticles?tags=&page=1&limit=3&searchTitle= 200 12ms 4.9kb
  --> GET /favicon.ico 200 24ms 22.49kb
  <-- GET /favicon.ico
  <-- GET /api/publishArticles?tags=&page=1&limit=3&searchTitle=
  --> GET /api/publishArticles?tags=&page=1&limit=3&searchTitle= 200 8ms 4.9kb
  --> GET /favicon.ico 200 16ms 22.49kb
  <-- GET /api/tags
  --> GET /api/tags 200 3ms 771b
  <-- GET /favicon.ico
  <-- GET /api/publishArticles?tags=&page=1&limit=3&searchTitle=
  --> GET /api/publishArticles?tags=&page=1&limit=3&searchTitle= 200 18ms 4.9kb
  --> GET /favicon.ico 200 29ms 22.49kb
  <-- GET /api/articles?tags=&page=1&limit=5
鉴权成功
  --> GET /api/articles?tags=&page=1&limit=5 200 7ms 15.6kb
  <-- GET /favicon.ico
  <-- GET /api/publishArticles?tags=&page=1&limit=3&searchTitle=
  --> GET /api/publishArticles?tags=&page=1&limit=3&searchTitle= 200 6ms 4.9kb
  --> GET /favicon.ico 200 16ms 22.49kb
  <-- GET /api/articles/5af2bfa03f5ef521345f8331
  --> GET /api/articles/5af2bfa03f5ef521345f8331 200 7ms 1.14kb
  <-- GET /favicon.ico
  <-- GET /api/publishArticles?tags=&page=1&limit=3&searchTitle=
  --> GET /api/publishArticles?tags=&page=1&limit=3&searchTitle= 200 10ms 4.9kb
  --> GET /favicon.ico 200 23ms 22.49kb
  <-- GET /favicon.ico
  <-- GET /api/publishArticles?tags=&page=1&limit=3&searchTitle=
  --> GET /api/publishArticles?tags=&page=1&limit=3&searchTitle= 200 5ms 4.9kb
  --> GET /favicon.ico 200 15ms 22.49kb
  <-- GET /favicon.ico
  <-- GET /api/publishArticles?tags=&page=1&limit=3&searchTitle=
  --> GET /api/publishArticles?tags=&page=1&limit=3&searchTitle= 200 8ms 4.9kb
  --> GET /favicon.ico 200 17ms 22.49kb
  <-- GET /favicon.ico
  <-- GET /api/publishArticles?tags=&page=1&limit=3&searchTitle=
  --> GET /api/publishArticles?tags=&page=1&limit=3&searchTitle= 200 5ms 4.9kb
  --> GET /favicon.ico 200 15ms 22.49kb
  <-- GET /favicon.ico
  <-- GET /api/publishArticles?tags=&page=1&limit=3&searchTitle=
  --> GET /api/publishArticles?tags=&page=1&limit=3&searchTitle= 200 5ms 4.9kb
  --> GET /favicon.ico 200 14ms 22.49kb
  <-- GET /api/publishArticles?tags=&page=2&limit=3&searchTitle=
  --> GET /api/publishArticles?tags=&page=2&limit=3&searchTitle= 200 8ms 11.97kb
  <-- GET /favicon.ico
  <-- GET /api/publishArticles?tags=&page=1&limit=3&searchTitle=
  --> GET /api/publishArticles?tags=&page=1&limit=3&searchTitle= 200 9ms 4.9kb
  --> GET /favicon.ico 200 19ms 22.49kb
  <-- GET /favicon.ico
  <-- GET /api/publishArticles?tags=&page=1&limit=3&searchTitle=
  --> GET /api/publishArticles?tags=&page=1&limit=3&searchTitle= 200 8ms 4.9kb
  --> GET /favicon.ico 200 17ms 22.49kb
  <-- GET /favicon.ico
  <-- GET /api/publishArticles?tags=&page=1&limit=3&searchTitle=
  --> GET /api/publishArticles?tags=&page=1&limit=3&searchTitle= 200 4ms 4.9kb
  --> GET /favicon.ico 200 9ms 22.49kb
  <-- GET /favicon.ico
  <-- GET /api/publishArticles?tags=&page=1&limit=3&searchTitle=
  --> GET /api/publishArticles?tags=&page=1&limit=3&searchTitle= 200 4ms 4.9kb
  --> GET /favicon.ico 200 10ms 22.49kb
  <-- GET /favicon.ico
  <-- GET /api/publishArticles?tags=&page=1&limit=3&searchTitle=
  --> GET /api/publishArticles?tags=&page=1&limit=3&searchTitle= 200 6ms 4.9kb
  --> GET /favicon.ico 200 12ms 22.49kb
  <-- GET /favicon.ico
  <-- GET /api/publishArticles?tags=&page=1&limit=3&searchTitle=
  --> GET /api/publishArticles?tags=&page=1&limit=3&searchTitle= 200 9ms 4.9kb
  --> GET /favicon.ico 200 22ms 22.49kb
The server is running at http://localhost:8886
  <-- GET /favicon.ico
  <-- GET /api/publishArticles?tags=&page=1&limit=3&searchTitle=
  --> GET /api/publishArticles?tags=&page=1&limit=3&searchTitle= 200 19ms 4.9kb
  --> GET /favicon.ico 200 220ms 22.49kb
  <-- GET /admin/detail/5af2bfa03f5ef521345f8331
Rewriting GET /admin/detail/5af2bfa03f5ef521345f8331 to /admin.html
  --> GET /admin/detail/5af2bfa03f5ef521345f8331 404 4ms -
  <-- GET /favicon.ico
  <-- GET /api/publishArticles?tags=&page=1&limit=3&searchTitle=
  --> GET /api/publishArticles?tags=&page=1&limit=3&searchTitle= 200 7ms 4.9kb
  --> GET /favicon.ico 200 16ms 22.49kb
  <-- GET /
  <-- GET /api/publishArticles?tags=&page=1&limit=3&searchTitle=
  --> GET /api/publishArticles?tags=&page=1&limit=3&searchTitle= 200 14ms 4.9kb
  --> GET / 200 29ms 22.49kb
  <-- GET /logo.png?df47cd4126b13aa79f1a8de1da33b432
  <-- GET /manifest.ac3e2d1eb98d0028af24.js
  <-- GET /front.6551995c8529357eed3c.js
  <-- GET /vendor_front.cf02f9d9464bd5b78e10.js
  --> GET /logo.png?df47cd4126b13aa79f1a8de1da33b432 200 10ms 2.65kb
  --> GET /manifest.ac3e2d1eb98d0028af24.js 200 3ms 782b
  --> GET /front.6551995c8529357eed3c.js 200 3ms 31.14kb
  --> GET /vendor_front.cf02f9d9464bd5b78e10.js 200 14ms 723.17kb
  <-- GET /favicon.ico
  <-- GET /api/publishArticles?tags=&page=1&limit=3&searchTitle=
  --> GET /api/publishArticles?tags=&page=1&limit=3&searchTitle= 200 6ms 4.9kb
  --> GET /favicon.ico 200 12ms 22.49kb
  <-- GET /admin
Rewriting GET /admin to /admin.html
  --> GET /admin 200 3ms 524b
  <-- GET /manifest.ac3e2d1eb98d0028af24.js
  --> GET /manifest.ac3e2d1eb98d0028af24.js 200 3ms 782b
  <-- GET /vendor_admin.c2d98e2da4ff9baf5277.js
  --> GET /vendor_admin.c2d98e2da4ff9baf5277.js 200 11ms 1.3mb
  <-- GET /admin.6cbff5901a6ecc079e9a.js
  --> GET /admin.6cbff5901a6ecc079e9a.js 200 2ms 237.32kb
  <-- GET /logo.png?df47cd4126b13aa79f1a8de1da33b432
  --> GET /logo.png?df47cd4126b13aa79f1a8de1da33b432 200 3ms 2.65kb
  <-- GET /favicon.ico
  <-- GET /api/publishArticles?tags=&page=1&limit=3&searchTitle=
  --> GET /api/publishArticles?tags=&page=1&limit=3&searchTitle= 200 12ms 4.9kb
  --> GET /favicon.ico 200 22ms 22.49kb
